Standard Commons Logging discovery in action with spring-jcl: please remove commons-logging.jar from classpath in order to avoid potential conflicts

   .------------------------------------.
   |                                    |
   |   | |/ /  _ _ _ ___ _ _| |_ ___    |
   |   | ' < || | '_/ -_) ' \  _/ _ \   |
   |   |_|\_\_,_|_| \___|_||_\__\___/   |
   |                                    |
   '------------------------------------'
                    version ${project.version}

2023-12-29T03:16:24.980Z  INFO 251 --- [           main] k.o.OneToOneCallRecordingApplication     : Starting OneToOneCallRecordingApplication v0.0.1 using Java 17.0.9 with PID 251 (/kurento/target/one-to-one-call-recording-0.0.1.jar started by root in /kurento)
2023-12-29T03:16:24.991Z  INFO 251 --- [           main] k.o.OneToOneCallRecordingApplication     : No active profile set, falling back to 1 default profile: "default"
Standard Commons Logging discovery in action with spring-jcl: please remove commons-logging.jar from classpath in order to avoid potential conflicts
2023-12-29T03:16:26.705Z  INFO 251 --- [rbeatExec-e1-t0] o.k.j.c.JsonRpcClientNettyWebSocket      : [KurentoClient]  Connecting native client
2023-12-29T03:16:26.710Z  INFO 251 --- [rbeatExec-e1-t0] o.k.j.c.JsonRpcClientNettyWebSocket      : [KurentoClient]  Creating new NioEventLoopGroup
2023-12-29T03:16:26.931Z  INFO 251 --- [ntLoopGroup-2-1] o.k.j.c.JsonRpcClientNettyWebSocket      : [KurentoClient]  Initiating new Netty channel. Will create new handler too!
2023-12-29T03:16:27.043Z  INFO 251 --- [EventExec-e2-t0] k.o.OneToOneCallRecordingApplication     : connect success!!!
2023-12-29T03:16:28.384Z  INFO 251 --- [           main] k.o.OneToOneCallRecordingApplication     : Started OneToOneCallRecordingApplication in 4.214 seconds (process running for 4.936)
2023-12-29T03:18:52.291Z  INFO 251 --- [ntLoopGroup-2-1] o.k.j.c.JsonRpcClientNettyWebSocket      : [KurentoClient]  channel closed
2023-12-29T03:18:52.294Z  INFO 251 --- [nnectExec-e3-t0] o.k.j.c.JsonRpcClientNettyWebSocket      : [KurentoClient]  Connecting native client
2023-12-29T03:18:52.296Z  INFO 251 --- [nnectExec-e3-t0] o.k.j.c.JsonRpcClientNettyWebSocket      : [KurentoClient]  Closing previously existing channel when connecting native client
2023-12-29T03:18:52.298Z  INFO 251 --- [ntLoopGroup-2-2] o.k.j.c.JsonRpcClientNettyWebSocket      : [KurentoClient]  Initiating new Netty channel. Will create new handler too!
2023-12-29T03:18:52.301Z  WARN 251 --- [nnectExec-e3-t0] o.k.j.c.JsonRpcClientNettyWebSocket      : [KurentoClient]  Trying to close a JsonRpcClientNettyWebSocket with channel == null
